Vivado Simulator 2018.3
Copyright 1986-1999, 2001-2018 Xilinx, Inc. All Rights Reserved.
Running: D:/Vivado2018/Vivado/2018.3/bin/unwrapped/win64.o/xelab.exe -wto 0c557a81f1ee41c6b4cca45cb350c14b --incr --debug typical --relax --mt 2 -L fifo_generator_v13_2_3 -L xil_defaultlib -L unisims_ver -L unimacro_ver -L secureip -L xpm --snapshot testbench_behav xil_defaultlib.testbench xil_defaultlib.glbl -log elaborate.log 
Using 2 slave threads.
Starting static elaboration
WARNING: [VRFC 10-3091] actual bit length 32 differs from formal bit length 1 for port 'BTNC' [D:/1.EE/Works/FPGA/UART/UART.srcs/sim_1/new/testbench.v:44]
WARNING: [VRFC 10-3091] actual bit length 8 differs from formal bit length 1 for port 'FIFO_OUT_Vaild' [D:/1.EE/Works/FPGA/UART/UART.srcs/sources_1/new/UART.v:53]
WARNING: [VRFC 10-3091] actual bit length 8 differs from formal bit length 1 for port 'TX_Vaild' [D:/1.EE/Works/FPGA/UART/UART.srcs/sources_1/new/UART.v:72]
WARNING: [VRFC 10-3091] actual bit length 20 differs from formal bit length 32 for port 'freq_cap' [D:/1.EE/Works/FPGA/UART/UART.srcs/sources_1/new/UART.v:83]
Completed static elaboration
Starting simulation data flow analysis
Completed simulation data flow analysis
Time Resolution for simulation is 1ps
Compiling module fifo_generator_v13_2_3.fifo_generator_v13_2_3_sync_stag...
Compiling module fifo_generator_v13_2_3.fifo_generator_v13_2_3_bhv_ver_a...
Compiling module fifo_generator_v13_2_3.fifo_generator_v13_2_3_CONV_VER(...
Compiling module fifo_generator_v13_2_3.fifo_generator_vlog_beh(C_DATA_C...
Compiling module fifo_generator_v13_2_3.fifo_generator_v13_2_3(C_EN_SAFE...
Compiling module xil_defaultlib.FIFO_UART
Compiling module xil_defaultlib.UART_Control
Compiling module xil_defaultlib.UART_RX
Compiling module xil_defaultlib.UART_TX
Compiling module xil_defaultlib.UART_ABR
Compiling module xil_defaultlib.SegmentDisplay_default
Compiling module xil_defaultlib.UART
Compiling module xil_defaultlib.testbench
Compiling module xil_defaultlib.glbl
Built simulation snapshot testbench_behav
